Build started 29.03.2012 20:41:49.
     1>Project "c:\Users\Свет\documents\visual studio 2010\Projects\Timer\Timer\Timer.vcxproj" on node 2 (build target(s)).
     1>InitializeBuildStatus:
         Creating "Debug\Timer.unsuccessfulbuild" because "AlwaysCreate" was specified.
       ClCompile:
         All outputs are up-to-date.
         C:\Program Files (x86)\Microsoft Visual Studio 10.0\VC\bin\CL.exe /c /ZI /nologo /W3 /WX- /Od /Oy- /D WIN32 /D _DEBUG /D _CONSOLE /D _UNICODE /D UNICODE /Gm /EHsc /RTC1 /MDd /GS /fp:precise /Zc:wchar_t /Zc:forScope /Yu"StdAfx.h" /Fp"Debug\Timer.pch" /Fo"Debug\\" /Fd"Debug\vc100.pdb" /Gd /TP /analyze- /errorReport:prompt Timer.cpp
         Timer.cpp
       ManifestResourceCompile:
         All outputs are up-to-date.
       Link:
         C:\Program Files (x86)\Microsoft Visual Studio 10.0\VC\bin\link.exe /ERRORREPORT:PROMPT /OUT:"c:\users\свет\documents\visual studio 2010\Projects\Timer\Debug\Timer.exe" /INCREMENTAL /NOLOGO kernel32.lib user32.lib gdi32.lib winspool.lib comdlg32.lib advapi32.lib shell32.lib ole32.lib oleaut32.lib uuid.lib odbc32.lib odbccp32.lib /MANIFEST /ManifestFile:"Debug\Timer.exe.intermediate.manifest" /MANIFESTUAC:"level='asInvoker' uiAccess='false'" /DEBUG /PDB:"c:\users\свет\documents\visual studio 2010\Projects\Timer\Debug\Timer.pdb" /SUBSYSTEM:CONSOLE /TLBID:1 /DYNAMICBASE /NXCOMPAT /IMPLIB:"c:\users\свет\documents\visual studio 2010\Projects\Timer\Debug\Timer.lib" /MACHINE:X86 Debug\Timer.exe.embed.manifest.res
         Debug\stdafx.obj
         Debug\Timer.obj
       Manifest:
         C:\Program Files (x86)\Microsoft SDKs\Windows\v7.0A\bin\mt.exe /nologo /verbose /out:"Debug\Timer.exe.embed.manifest" /manifest Debug\Timer.exe.intermediate.manifest
         All outputs are up-to-date.
       LinkEmbedManifest:
         All outputs are up-to-date.
         Timer.vcxproj -> c:\users\свет\documents\visual studio 2010\Projects\Timer\Debug\Timer.exe
       FinalizeBuildStatus:
         Deleting file "Debug\Timer.unsuccessfulbuild".
         Touching "Debug\Timer.lastbuildstate".
     1>Done Building Project "c:\Users\Свет\documents\visual studio 2010\Projects\Timer\Timer\Timer.vcxproj" (build target(s)).

Build succeeded.

Time Elapsed 00:00:01.88
